<?xml version="1.0" encoding="UTF-8"?>
<!-- Generated by org.testng.reporters.JUnitReportReporter -->
<testsuite hostname="PCZ207WS22YF112" failures="0" tests="1" name="selenium.Login" time="2.555" errors="0" timestamp="2025-03-18T20:08:09 IST" skipped="0">
  <testcase classname="selenium.Login" name="loginTest" time="2.555"/>
  <system-out/>
</testsuite> <!-- selenium.Login -->
